0:0:0:0:0:0:0:1 - - [15/Aug/2025:11:04:26 -0300] "GET /icube04/actuator/health HTTP/1.1" 403 - 158394
0:0:0:0:0:0:0:1 - - [15/Aug/2025:11:04:29 -0300] "GET /icube04/actuator/health HTTP/1.1" 403 - 15481
0:0:0:0:0:0:0:1 - - [15/Aug/2025:11:04:31 -0300] "GET /icube04/actuator/health HTTP/1.1" 403 - 26848
0:0:0:0:0:0:0:1 - - [15/Aug/2025:11:04:38 -0300] "POST /icube04/auth/login HTTP/1.1" 200 461 744973
0:0:0:0:0:0:0:1 - - [15/Aug/2025:11:04:58 -0300] "GET /icube04/actuator/metrics/http.server.requests HTTP/1.1" 403 - 27301
0:0:0:0:0:0:0:1 - - [15/Aug/2025:11:08:40 -0300] "GET /actuator/health HTTP/1.1" 404 683 15328
0:0:0:0:0:0:0:1 - - [15/Aug/2025:11:08:40 -0300] "GET /favicon.ico HTTP/1.1" 404 683 7152
0:0:0:0:0:0:0:1 - - [15/Aug/2025:11:09:01 -0300] "GET /actuator/metrics/pinapp.messaging.client_created.email.processed HTTP/1.1" 404 683 1675
0:0:0:0:0:0:0:1 - - [15/Aug/2025:11:09:22 -0300] "GET /icube04/actuator/health HTTP/1.1" 403 - 14746
0:0:0:0:0:0:0:1 - - [15/Aug/2025:11:09:27 -0300] "GET /actuator/health HTTP/1.1" 404 683 1821
0:0:0:0:0:0:0:1 - - [15/Aug/2025:11:13:00 -0300] "GET /icube04/actuator/health HTTP/1.1" 403 - 26175
0:0:0:0:0:0:0:1 - - [15/Aug/2025:11:13:24 -0300] "GET /icube04/actuator/metrics HTTP/1.1" 403 - 24295
0:0:0:0:0:0:0:1 - - [15/Aug/2025:11:15:46 -0300] "GET /icube04/actuator/health HTTP/1.1" 403 - 187011
0:0:0:0:0:0:0:1 - - [15/Aug/2025:11:15:48 -0300] "GET /icube04/actuator/health HTTP/1.1" 403 - 16922
0:0:0:0:0:0:0:1 - - [15/Aug/2025:11:15:49 -0300] "GET /icube04/actuator/health HTTP/1.1" 403 - 14099
0:0:0:0:0:0:0:1 - - [15/Aug/2025:11:23:31 -0300] "GET /icube04/actuator/health HTTP/1.1" 503 872 5879352
0:0:0:0:0:0:0:1 - - [15/Aug/2025:11:26:11 -0300] "GET /icube04/actuator/health HTTP/1.1" 503 872 6200772
0:0:0:0:0:0:0:1 - - [15/Aug/2025:11:27:45 -0300] "GET /icube04/actuator/metrics HTTP/1.1" 200 3320 20788
0:0:0:0:0:0:0:1 - - [15/Aug/2025:11:28:01 -0300] "GET /icube04/actuator/prometheus HTTP/1.1" 200 34760 1272752
0:0:0:0:0:0:0:1 - - [15/Aug/2025:11:52:23 -0300] "POST /icube04/auth/login HTTP/1.1" 200 461 864499
0:0:0:0:0:0:0:1 - - [15/Aug/2025:11:52:35 -0300] "POST /icube04/clients HTTP/1.1" 200 128 168449
0:0:0:0:0:0:0:1 - - [15/Aug/2025:12:14:03 -0300] "POST /icube04/auth/login HTTP/1.1" 200 461 1068750
0:0:0:0:0:0:0:1 - - [15/Aug/2025:12:14:26 -0300] "POST /icube04/clients HTTP/1.1" 200 129 159964
0:0:0:0:0:0:0:1 - - [15/Aug/2025:12:14:43 -0300] "GET /icube04/actuator/health HTTP/1.1" 200 540 2104371
0:0:0:0:0:0:0:1 - - [15/Aug/2025:12:14:57 -0300] "GET /icube04/actuator/metrics HTTP/1.1" 200 3476 17603
0:0:0:0:0:0:0:1 - - [15/Aug/2025:12:15:00 -0300] "GET /icube04/actuator/metrics HTTP/1.1" 200 3476 16902
0:0:0:0:0:0:0:1 - - [15/Aug/2025:12:15:01 -0300] "GET /icube04/actuator/metrics HTTP/1.1" 200 3476 21720
0:0:0:0:0:0:0:1 - - [15/Aug/2025:12:15:02 -0300] "GET /icube04/actuator/metrics HTTP/1.1" 200 3476 23310
0:0:0:0:0:0:0:1 - - [15/Aug/2025:12:15:03 -0300] "GET /icube04/actuator/metrics HTTP/1.1" 200 3476 26636
0:0:0:0:0:0:0:1 - - [15/Aug/2025:12:15:11 -0300] "GET /icube04/actuator/prometheus HTTP/1.1" 200 46971 1128240
0:0:0:0:0:0:0:1 - - [15/Aug/2025:12:17:26 -0300] "PUT /icube04/clients/update/8 HTTP/1.1" 200 136 67464
0:0:0:0:0:0:0:1 - - [15/Aug/2025:12:18:00 -0300] "DELETE /icube04/clients/8 HTTP/1.1" 200 - 47037
0:0:0:0:0:0:0:1 - - [15/Aug/2025:12:38:48 -0300] "GET /icube04/actuator/metrics/pinapp.messaging.client_created.email.processed HTTP/1.1" 404 - 364239
0:0:0:0:0:0:0:1 - - [15/Aug/2025:12:39:01 -0300] "GET /icube04/actuator/metrics/pinapp.messaging.client_created.email.processed HTTP/1.1" 404 - 23474
0:0:0:0:0:0:0:1 - - [15/Aug/2025:12:40:04 -0300] "POST /icube04/clients HTTP/1.1" 200 125 380168
0:0:0:0:0:0:0:1 - - [15/Aug/2025:12:40:09 -0300] "GET /icube04/actuator/metrics/pinapp.messaging.client_created.email.processed HTTP/1.1" 200 227 95145
0:0:0:0:0:0:0:1 - - [15/Aug/2025:12:40:40 -0300] "GET /icube04/actuator/metrics/pinapp.messaging.client_created.email.seconds HTTP/1.1" 200 401 29607
0:0:0:0:0:0:0:1 - - [15/Aug/2025:12:45:43 -0300] "GET /icube04/actuator/metrics/pinapp.messaging.client_created.email.processed?tag=queue:queue&tag=outcome:success HTTP/1.1" 404 - 21449
0:0:0:0:0:0:0:1 - - [15/Aug/2025:12:46:31 -0300] "GET /icube04/actuator/metrics/pinapp.messaging.client_created.email.processed?tag=queue&tag=outcome:success HTTP/1.1" 403 - 52257
0:0:0:0:0:0:0:1 - - [15/Aug/2025:12:57:48 -0300] "GET /icube04/actuator/metrics/pinapp.messaging.client_created.email.processed HTTP/1.1" 200 227 9046
0:0:0:0:0:0:0:1 - - [15/Aug/2025:12:58:11 -0300] "GET /icube04/actuator/metrics/pinapp.messaging.client_created.email.seconds HTTP/1.1" 200 395 14681
0:0:0:0:0:0:0:1 - - [15/Aug/2025:13:00:59 -0300] "GET /icube04/actuator/metrics/pinapp.messaging.client_created.email.processed?tag=queue:client.created.queue&tag=outcome:success HTTP/1.1" 200 139 32220
0:0:0:0:0:0:0:1 - - [15/Aug/2025:13:01:34 -0300] "GET /icube04/actuator/metrics/pinapp.messaging.client_created.email.seconds?tag=queue:client.created.queue&tag=outcome:success HTTP/1.1" 200 307 23060
0:0:0:0:0:0:0:1 - - [15/Aug/2025:13:02:38 -0300] "POST /icube04/clients HTTP/1.1" 200 127 34754
0:0:0:0:0:0:0:1 - - [15/Aug/2025:13:02:42 -0300] "GET /icube04/actuator/metrics/pinapp.messaging.client_created.email.processed HTTP/1.1" 200 227 8006
0:0:0:0:0:0:0:1 - - [15/Aug/2025:13:02:47 -0300] "GET /icube04/actuator/metrics/pinapp.messaging.client_created.email.seconds HTTP/1.1" 200 401 9884
0:0:0:0:0:0:0:1 - - [15/Aug/2025:13:02:52 -0300] "GET /icube04/actuator/metrics/pinapp.messaging.client_created.email.processed?tag=queue:client.created.queue&tag=outcome:success HTTP/1.1" 200 139 13257
0:0:0:0:0:0:0:1 - - [15/Aug/2025:13:02:58 -0300] "GET /icube04/actuator/metrics/pinapp.messaging.client_created.email.seconds?tag=queue:client.created.queue&tag=outcome:success HTTP/1.1" 200 313 12062
0:0:0:0:0:0:0:1 - - [15/Aug/2025:13:03:18 -0300] "GET /icube04/actuator/prometheus HTTP/1.1" 200 46854 1122025
0:0:0:0:0:0:0:1 - - [15/Aug/2025:13:11:41 -0300] "GET /icube04/doc/swagger-ui/index.html HTTP/1.1" 200 734 51379
0:0:0:0:0:0:0:1 - - [15/Aug/2025:13:11:41 -0300] "GET /icube04/doc/swagger-ui/swagger-ui.css HTTP/1.1" 200 152072 29690
0:0:0:0:0:0:0:1 - - [15/Aug/2025:13:11:41 -0300] "GET /icube04/doc/swagger-ui/index.css HTTP/1.1" 200 202 33822
0:0:0:0:0:0:0:1 - - [15/Aug/2025:13:11:41 -0300] "GET /icube04/doc/swagger-ui/swagger-ui-standalone-preset.js HTTP/1.1" 200 230007 57479
0:0:0:0:0:0:0:1 - - [15/Aug/2025:13:11:42 -0300] "GET /icube04/doc/swagger-ui/swagger-initializer.js HTTP/1.1" 200 1106 109682
0:0:0:0:0:0:0:1 - - [15/Aug/2025:13:11:42 -0300] "GET /icube04/doc/swagger-ui/swagger-ui-bundle.js HTTP/1.1" 200 1426050 137658
0:0:0:0:0:0:0:1 - - [15/Aug/2025:13:11:42 -0300] "GET /icube04/v3/api-docs/swagger-config HTTP/1.1" 200 197 19633
0:0:0:0:0:0:0:1 - - [15/Aug/2025:13:11:46 -0300] "GET /icube04/v3/api-docs HTTP/1.1" 200 42733 4426110
0:0:0:0:0:0:0:1 - - [15/Aug/2025:13:37:11 -0300] "GET /icube04/doc/swagger-ui/index.html HTTP/1.1" 200 734 284532
0:0:0:0:0:0:0:1 - - [15/Aug/2025:13:37:11 -0300] "GET /icube04/doc/swagger-ui/index.css HTTP/1.1" 200 202 40634
0:0:0:0:0:0:0:1 - - [15/Aug/2025:13:37:11 -0300] "GET /icube04/doc/swagger-ui/swagger-ui.css HTTP/1.1" 200 152072 63929
0:0:0:0:0:0:0:1 - - [15/Aug/2025:13:37:11 -0300] "GET /icube04/doc/swagger-ui/swagger-ui-standalone-preset.js HTTP/1.1" 200 230007 74086
0:0:0:0:0:0:0:1 - - [15/Aug/2025:13:37:11 -0300] "GET /icube04/doc/swagger-ui/swagger-initializer.js HTTP/1.1" 200 1106 155809
0:0:0:0:0:0:0:1 - - [15/Aug/2025:13:37:11 -0300] "GET /icube04/doc/swagger-ui/swagger-ui-bundle.js HTTP/1.1" 200 1426050 171864
0:0:0:0:0:0:0:1 - - [15/Aug/2025:13:37:12 -0300] "GET /icube04/doc/swagger-ui/favicon-32x32.png HTTP/1.1" 200 628 19578
0:0:0:0:0:0:0:1 - - [15/Aug/2025:13:37:12 -0300] "GET /icube04/v3/api-docs/swagger-config HTTP/1.1" 200 197 83893
0:0:0:0:0:0:0:1 - - [15/Aug/2025:13:37:16 -0300] "GET /icube04/v3/api-docs HTTP/1.1" 200 42733 4234394
0:0:0:0:0:0:0:1 - - [15/Aug/2025:13:37:20 -0300] "GET /icube04/v3/api-docs HTTP/1.1" 200 42733 69587
0:0:0:0:0:0:0:1 - - [15/Aug/2025:17:59:41 -0300] "POST /icube04/auth/login HTTP/1.1" 200 461 1101469
